2025/07/16 19:22:33 Starting API Gateway on port 8000
2025/07/16 19:22:33 Connected to Redis at localhost:6379 with pool size 10
2025/07/16 19:22:34 Warning: Failed to initialize gRPC clients: failed to create auth service pool: failed to create connection 0: failed to connect to localhost:9000: context deadline exceeded
2025/07/16 19:22:34 Continuing without backend services (API calls will return errors)
2025/07/16 19:22:34 HTTP/2 server optimized for maximum throughput
2025/07/16 19:22:34 API Gateway initialized with HTTP/2 + TLS
2025/07/16 19:22:34 Starting WebSocket hub...
2025/07/16 19:22:34 Starting API Gateway on port 8000 with HTTP/2
2025/07/16 19:22:34 Subscribed to Redis channels: [auth:events:* project:events:* simulation:events:* simulation:data:*]
2025/07/16 19:22:34 API Gateway starting with HTTP/2 + TLS on 0.0.0.0:8000
2025/07/16 19:27:00 Shutting down API Gateway...
2025/07/16 19:27:00 Shutting down API Gateway...
2025/07/16 19:27:00 Closing WebSocket hub...
2025/07/16 19:27:00 WebSocket hub closed. Total connections served: 0
2025/07/16 19:27:00 Closing Redis client...
2025/07/16 19:27:00 WebSocket hub shutting down...
2025/07/16 19:27:00 Redis message processing stopped
2025/07/16 19:27:00 Redis client closed
2025/07/16 19:27:00 API Gateway stopped
2025/07/16 19:27:00 API Gateway stopped
2025/07/16 19:27:00 Closing Redis client...
2025/07/16 19:27:00 Error closing pubsub: redis: client is closed
